2021-12-04 16:25:08.851 [INFO ] [1936] {main}   [Application:55 , logStarting] Starting Application using Java 11.0.8 on MPC10000035 with PID 1936 (D:\Users\M.GolMohammadi\Desktop\elk-log4j2-docker\demo\target\classes started by M.GolMohammadi in D:\Users\M.GolMohammadi\Desktop\elk-log4j2-docker\demo)
2021-12-04 16:25:22.582 [INFO ] [1936] {main}   [Application:635 , logStartupProfileInfo] No active profile set, falling back to default profiles: default
2021-12-04 16:25:23.143 [INFO ] [1936] {main}   [TomcatWebServer:108 , initialize] Tomcat initialized with port(s): 8081 (http)
2021-12-04 16:25:23.172 [INFO ] [1936] {main}   [Http11NioProtocol:173 , log] Initializing ProtocolHandler ["http-nio-8081"]
2021-12-04 16:25:23.172 [INFO ] [1936] {main}   [StandardService:173 , log] Starting service [Tomcat]
2021-12-04 16:25:23.176 [INFO ] [1936] {main}   [StandardEngine:173 , log] Starting Servlet engine: [Apache Tomcat/9.0.55]
2021-12-04 16:25:23.222 [INFO ] [1936] {main}   [[/]       :173 , log] Initializing Spring embedded WebApplicationContext
2021-12-04 16:25:23.222 [INFO ] [1936] {main}   [ServletWebServerApplicationContext:290 , prepareWebApplicationContext] Root WebApplicationContext: initialization completed in 613 ms
2021-12-04 16:25:23.429 [INFO ] [1936] {main}   [Http11NioProtocol:173 , log] Starting ProtocolHandler ["http-nio-8081"]
2021-12-04 16:25:23.442 [INFO ] [1936] {main}   [TomcatWebServer:220 , start] Tomcat started on port(s): 8081 (http) with context path ''
2021-12-04 16:25:23.450 [INFO ] [1936] {main}   [Application:61 , logStarted] Started Application in 14.899 seconds (JVM running for 19.943)
2021-12-04 16:30:34.556 [INFO ] [18748] {main}   [SpringBootTestContextBootstrapper:305 , buildDefaultMergedContextConfiguration] Neither @ContextConfiguration nor @ContextHierarchy found for test class [com.example.demo.ApplicationTests], using SpringBootContextLoader
2021-12-04 16:30:48.537 [INFO ] [18748] {main}   [AbstractContextLoader:264 , generateDefaultLocations] Could not detect default resource locations for test class [com.example.demo.ApplicationTests]: no resource found for suffixes {-context.xml, Context.groovy}.
2021-12-04 16:30:48.541 [INFO ] [18748] {main}   [AnnotationConfigContextLoaderUtils:83 , detectDefaultConfigurationClasses] Could not detect default configuration classes for test class [com.example.demo.ApplicationTests]: ApplicationTests does not declare any static, non-private, non-final, nested classes annotated with @Configuration.
2021-12-04 16:30:48.625 [INFO ] [18748] {main}   [SpringBootTestContextBootstrapper:238 , getOrFindConfigurationClasses] Found @SpringBootConfiguration com.example.demo.Application for test class com.example.demo.ApplicationTests
2021-12-04 16:30:48.710 [INFO ] [18748] {main}   [SpringBootTestContextBootstrapper:245 , getDefaultTestExecutionListenerClassNames] Loaded default TestExecutionListener class names from location [META-INF/spring.factories]: [org.springframework.boot.test.mock.mockito.MockitoTestExecutionListener, org.springframework.boot.test.mock.mockito.ResetMocksTestExecutionListener, org.springframework.boot.test.autoconfigure.restdocs.RestDocsTestExecutionListener, org.springframework.boot.test.autoconfigure.web.client.MockRestServiceServerResetTestExecutionListener, org.springframework.boot.test.autoconfigure.web.servlet.MockMvcPrintOnlyOnFailureTestExecutionListener, org.springframework.boot.test.autoconfigure.web.servlet.WebDriverTestExecutionListener, org.springframework.boot.test.autoconfigure.webservices.client.MockWebServiceServerTestExecutionListener, org.springframework.test.context.web.ServletTestExecutionListener, org.springframework.test.context.support.DirtiesContextBeforeModesTestExecutionListener, org.springframework.test.context.event.ApplicationEventsTestExecutionListener, org.springframework.test.context.support.DependencyInjectionTestExecutionListener, org.springframework.test.context.support.DirtiesContextTestExecutionListener, org.springframework.test.context.transaction.TransactionalTestExecutionListener, org.springframework.test.context.jdbc.SqlScriptsTestExecutionListener, org.springframework.test.context.event.EventPublishingTestExecutionListener]
2021-12-04 16:30:48.721 [INFO ] [18748] {main}   [SpringBootTestContextBootstrapper:174 , getTestExecutionListeners] Using TestExecutionListeners: [org.springframework.test.context.web.ServletTestExecutionListener@76adb233, org.springframework.test.context.support.DirtiesContextBeforeModesTestExecutionListener@36074e47, org.springframework.test.context.event.ApplicationEventsTestExecutionListener@36453307, org.springframework.boot.test.mock.mockito.MockitoTestExecutionListener@7dcc91fd, org.springframework.boot.test.autoconfigure.SpringBootDependencyInjectionTestExecutionListener@66eb985d, org.springframework.test.context.support.DirtiesContextTestExecutionListener@6a9287b1, org.springframework.test.context.event.EventPublishingTestExecutionListener@75504cef, org.springframework.boot.test.mock.mockito.ResetMocksTestExecutionListener@6c8a68c1, org.springframework.boot.test.autoconfigure.restdocs.RestDocsTestExecutionListener@56193c7d, org.springframework.boot.test.autoconfigure.web.client.MockRestServiceServerResetTestExecutionListener@28c88600, org.springframework.boot.test.autoconfigure.web.servlet.MockMvcPrintOnlyOnFailureTestExecutionListener@5f8890c2, org.springframework.boot.test.autoconfigure.web.servlet.WebDriverTestExecutionListener@607b2792, org.springframework.boot.test.autoconfigure.webservices.client.MockWebServiceServerTestExecutionListener@7f9e1534]
2021-12-04 16:30:49.008 [INFO ] [18748] {main}   [ApplicationTests:55 , logStarting] Starting ApplicationTests using Java 11.0.8 on MPC10000035 with PID 18748 (started by M.GolMohammadi in D:\Users\M.GolMohammadi\Desktop\elk-log4j2-docker\demo)
2021-12-04 16:30:49.014 [INFO ] [18748] {main}   [ApplicationTests:635 , logStartupProfileInfo] No active profile set, falling back to default profiles: default
2021-12-04 16:30:50.176 [INFO ] [18748] {main}   [ApplicationTests:61 , logStarted] Started ApplicationTests in 1.4 seconds (JVM running for 20.69)
2021-12-04 16:41:14.767 [INFO ] [8256] {main}   [Application:55 , logStarting] Starting Application using Java 11.0.8 on MPC10000035 with PID 8256 (D:\Users\M.GolMohammadi\Desktop\elk-log4j2-docker\demo\target\classes started by M.GolMohammadi in D:\Users\M.GolMohammadi\Desktop\elk-log4j2-docker\demo)
2021-12-04 16:41:14.777 [INFO ] [8256] {main}   [Application:635 , logStartupProfileInfo] No active profile set, falling back to default profiles: default
2021-12-04 16:41:15.469 [INFO ] [8256] {main}   [TomcatWebServer:108 , initialize] Tomcat initialized with port(s): 8081 (http)
2021-12-04 16:41:15.485 [INFO ] [8256] {main}   [Http11NioProtocol:173 , log] Initializing ProtocolHandler ["http-nio-8081"]
2021-12-04 16:41:15.485 [INFO ] [8256] {main}   [StandardService:173 , log] Starting service [Tomcat]
2021-12-04 16:41:15.486 [INFO ] [8256] {main}   [StandardEngine:173 , log] Starting Servlet engine: [Apache Tomcat/9.0.55]
2021-12-04 16:41:15.561 [INFO ] [8256] {main}   [[/]       :173 , log] Initializing Spring embedded WebApplicationContext
2021-12-04 16:41:15.562 [INFO ] [8256] {main}   [ServletWebServerApplicationContext:290 , prepareWebApplicationContext] Root WebApplicationContext: initialization completed in 735 ms
2021-12-04 16:41:15.809 [INFO ] [8256] {main}   [Http11NioProtocol:173 , log] Starting ProtocolHandler ["http-nio-8081"]
2021-12-04 16:41:15.824 [INFO ] [8256] {main}   [TomcatWebServer:220 , start] Tomcat started on port(s): 8081 (http) with context path ''
2021-12-04 16:41:15.833 [INFO ] [8256] {main}   [Application:61 , logStarted] Started Application in 1.427 seconds (JVM running for 2.651)
2021-12-04 16:41:42.360 [INFO ] [8256] {http-nio-8081-exec-1}   [[/]       :173 , log] Initializing Spring DispatcherServlet 'dispatcherServlet'
2021-12-04 16:41:42.361 [INFO ] [8256] {http-nio-8081-exec-1}   [DispatcherServlet:525 , initServletBean] Initializing Servlet 'dispatcherServlet'
2021-12-04 16:41:42.362 [INFO ] [8256] {http-nio-8081-exec-1}   [DispatcherServlet:547 , initServletBean] Completed initialization in 1 ms
2021-12-04 16:41:42.380 [INFO ] [8256] {http-nio-8081-exec-1}   [HelloResource:24 , listAllUsers] **************** HI ***************************
2021-12-04 16:41:42.381 [WARN ] [8256] {http-nio-8081-exec-1}   [HelloResource:25 , listAllUsers] **************** HI ***************************
2021-12-04 16:41:42.381 [ERROR] [8256] {http-nio-8081-exec-1}   [HelloResource:27 , listAllUsers] **************** HI ***************************
2021-12-04 16:48:07.233 [INFO ] [8256] {http-nio-8081-exec-4}   [HelloResource:24 , listAllUsers] **************** HI ***************************
2021-12-04 16:48:07.234 [WARN ] [8256] {http-nio-8081-exec-4}   [HelloResource:25 , listAllUsers] **************** HI ***************************
2021-12-04 16:48:07.234 [ERROR] [8256] {http-nio-8081-exec-4}   [HelloResource:27 , listAllUsers] **************** HI ***************************
2021-12-04 16:48:29.125 [INFO ] [12896] {main}   [Application:55 , logStarting] Starting Application using Java 11.0.8 on MPC10000035 with PID 12896 (D:\Users\M.GolMohammadi\Desktop\elk-log4j2-docker\demo\target\classes started by M.GolMohammadi in D:\Users\M.GolMohammadi\Desktop\elk-log4j2-docker\demo)
2021-12-04 16:48:42.848 [INFO ] [12896] {main}   [Application:635 , logStartupProfileInfo] No active profile set, falling back to default profiles: default
2021-12-04 16:48:43.441 [INFO ] [12896] {main}   [TomcatWebServer:108 , initialize] Tomcat initialized with port(s): 8081 (http)
2021-12-04 16:48:43.473 [INFO ] [12896] {main}   [Http11NioProtocol:173 , log] Initializing ProtocolHandler ["http-nio-8081"]
2021-12-04 16:48:43.473 [INFO ] [12896] {main}   [StandardService:173 , log] Starting service [Tomcat]
2021-12-04 16:48:43.473 [INFO ] [12896] {main}   [StandardEngine:173 , log] Starting Servlet engine: [Apache Tomcat/9.0.55]
2021-12-04 16:48:43.528 [INFO ] [12896] {main}   [[/]       :173 , log] Initializing Spring embedded WebApplicationContext
2021-12-04 16:48:43.528 [INFO ] [12896] {main}   [ServletWebServerApplicationContext:290 , prepareWebApplicationContext] Root WebApplicationContext: initialization completed in 650 ms
2021-12-04 16:48:43.746 [INFO ] [12896] {main}   [Http11NioProtocol:173 , log] Starting ProtocolHandler ["http-nio-8081"]
2021-12-04 16:48:43.759 [INFO ] [12896] {main}   [TomcatWebServer:220 , start] Tomcat started on port(s): 8081 (http) with context path ''
2021-12-04 16:48:43.768 [INFO ] [12896] {main}   [Application:61 , logStarted] Started Application in 14.949 seconds (JVM running for 20.185)
2021-12-04 16:49:32.206 [INFO ] [9800] {main}   [Application:55 , logStarting] Starting Application using Java 11.0.8 on MPC10000035 with PID 9800 (D:\Users\M.GolMohammadi\Desktop\elk-log4j2-docker\demo\target\classes started by M.GolMohammadi in D:\Users\M.GolMohammadi\Desktop\elk-log4j2-docker\demo)
2021-12-04 16:49:32.213 [INFO ] [9800] {main}   [Application:635 , logStartupProfileInfo] No active profile set, falling back to default profiles: default
2021-12-04 16:49:32.892 [INFO ] [9800] {main}   [TomcatWebServer:108 , initialize] Tomcat initialized with port(s): 8081 (http)
2021-12-04 16:49:32.904 [INFO ] [9800] {main}   [Http11NioProtocol:173 , log] Initializing ProtocolHandler ["http-nio-8081"]
2021-12-04 16:49:32.905 [INFO ] [9800] {main}   [StandardService:173 , log] Starting service [Tomcat]
2021-12-04 16:49:32.905 [INFO ] [9800] {main}   [StandardEngine:173 , log] Starting Servlet engine: [Apache Tomcat/9.0.55]
2021-12-04 16:49:32.972 [INFO ] [9800] {main}   [[/]       :173 , log] Initializing Spring embedded WebApplicationContext
2021-12-04 16:49:32.972 [INFO ] [9800] {main}   [ServletWebServerApplicationContext:290 , prepareWebApplicationContext] Root WebApplicationContext: initialization completed in 721 ms
2021-12-04 16:49:33.187 [INFO ] [9800] {main}   [Http11NioProtocol:173 , log] Starting ProtocolHandler ["http-nio-8081"]
2021-12-04 16:49:33.201 [INFO ] [9800] {main}   [TomcatWebServer:220 , start] Tomcat started on port(s): 8081 (http) with context path ''
2021-12-04 16:49:33.210 [INFO ] [9800] {main}   [Application:61 , logStarted] Started Application in 1.323 seconds (JVM running for 2.464)
2021-12-04 16:49:52.405 [INFO ] [9800] {http-nio-8081-exec-1}   [[/]       :173 , log] Initializing Spring DispatcherServlet 'dispatcherServlet'
2021-12-04 16:49:52.406 [INFO ] [9800] {http-nio-8081-exec-1}   [DispatcherServlet:525 , initServletBean] Initializing Servlet 'dispatcherServlet'
2021-12-04 16:49:52.407 [INFO ] [9800] {http-nio-8081-exec-1}   [DispatcherServlet:547 , initServletBean] Completed initialization in 1 ms
2021-12-04 16:49:52.422 [INFO ] [9800] {http-nio-8081-exec-1}   [HelloResource:24 , listAllUsers] **************** HI ***************************
2021-12-04 16:49:52.423 [WARN ] [9800] {http-nio-8081-exec-1}   [HelloResource:25 , listAllUsers] **************** HI ***************************
2021-12-04 16:49:52.423 [ERROR] [9800] {http-nio-8081-exec-1}   [HelloResource:27 , listAllUsers] **************** HI ***************************
