2021-12-04 17:33:54.677 [INFO ] [12136] {main}   [Application:55 , logStarting] Starting Application using Java 11.0.8 on MPC10000035 with PID 12136 (D:\Users\M.GolMohammadi\Desktop\elk-log4j2-docker\docker-type\target\classes started by M.GolMohammadi in D:\Users\M.GolMohammadi\Desktop\elk-log4j2-docker\docker-type)
2021-12-04 17:33:54.683 [INFO ] [12136] {main}   [Application:635 , logStartupProfileInfo] No active profile set, falling back to default profiles: default
2021-12-04 17:33:55.406 [INFO ] [12136] {main}   [TomcatWebServer:108 , initialize] Tomcat initialized with port(s): 8080 (http)
2021-12-04 17:33:55.419 [INFO ] [12136] {main}   [Http11NioProtocol:173 , log] Initializing ProtocolHandler ["http-nio-8080"]
2021-12-04 17:33:55.419 [INFO ] [12136] {main}   [StandardService:173 , log] Starting service [Tomcat]
2021-12-04 17:33:55.420 [INFO ] [12136] {main}   [StandardEngine:173 , log] Starting Servlet engine: [Apache Tomcat/9.0.55]
2021-12-04 17:33:55.490 [INFO ] [12136] {main}   [[/]       :173 , log] Initializing Spring embedded WebApplicationContext
2021-12-04 17:33:55.490 [INFO ] [12136] {main}   [ServletWebServerApplicationContext:290 , prepareWebApplicationContext] Root WebApplicationContext: initialization completed in 774 ms
2021-12-04 17:33:55.756 [INFO ] [12136] {main}   [Http11NioProtocol:173 , log] Starting ProtocolHandler ["http-nio-8080"]
2021-12-04 17:33:55.772 [INFO ] [12136] {main}   [TomcatWebServer:220 , start] Tomcat started on port(s): 8080 (http) with context path ''
2021-12-04 17:33:55.782 [INFO ] [12136] {main}   [Application:61 , logStarted] Started Application in 1.443 seconds (JVM running for 3.492)
2021-12-04 17:34:02.477 [INFO ] [12136] {http-nio-8080-exec-1}   [[/]       :173 , log] Initializing Spring DispatcherServlet 'dispatcherServlet'
2021-12-04 17:34:02.478 [INFO ] [12136] {http-nio-8080-exec-1}   [DispatcherServlet:525 , initServletBean] Initializing Servlet 'dispatcherServlet'
2021-12-04 17:34:02.479 [INFO ] [12136] {http-nio-8080-exec-1}   [DispatcherServlet:547 , initServletBean] Completed initialization in 1 ms
2021-12-04 17:34:02.499 [INFO ] [12136] {http-nio-8080-exec-1}   [HelloResource:24 , listAllUsers] **************** HI ***************************
2021-12-04 17:34:02.499 [WARN ] [12136] {http-nio-8080-exec-1}   [HelloResource:25 , listAllUsers] **************** HI ***************************
2021-12-04 17:34:02.499 [ERROR] [12136] {http-nio-8080-exec-1}   [HelloResource:27 , listAllUsers] **************** HI ***************************
2021-12-04 17:34:36.346 [INFO ] [8300] {main}   [SpringBootTestContextBootstrapper:305 , buildDefaultMergedContextConfiguration] Neither @ContextConfiguration nor @ContextHierarchy found for test class [com.example.demo.ApplicationTests], using SpringBootContextLoader
2021-12-04 17:34:36.362 [INFO ] [8300] {main}   [AbstractContextLoader:264 , generateDefaultLocations] Could not detect default resource locations for test class [com.example.demo.ApplicationTests]: no resource found for suffixes {-context.xml, Context.groovy}.
2021-12-04 17:34:36.363 [INFO ] [8300] {main}   [AnnotationConfigContextLoaderUtils:83 , detectDefaultConfigurationClasses] Could not detect default configuration classes for test class [com.example.demo.ApplicationTests]: ApplicationTests does not declare any static, non-private, non-final, nested classes annotated with @Configuration.
2021-12-04 17:34:36.446 [INFO ] [8300] {main}   [SpringBootTestContextBootstrapper:238 , getOrFindConfigurationClasses] Found @SpringBootConfiguration com.example.demo.Application for test class com.example.demo.ApplicationTests
2021-12-04 17:34:36.526 [INFO ] [8300] {main}   [SpringBootTestContextBootstrapper:245 , getDefaultTestExecutionListenerClassNames] Loaded default TestExecutionListener class names from location [META-INF/spring.factories]: [org.springframework.boot.test.mock.mockito.MockitoTestExecutionListener, org.springframework.boot.test.mock.mockito.ResetMocksTestExecutionListener, org.springframework.boot.test.autoconfigure.restdocs.RestDocsTestExecutionListener, org.springframework.boot.test.autoconfigure.web.client.MockRestServiceServerResetTestExecutionListener, org.springframework.boot.test.autoconfigure.web.servlet.MockMvcPrintOnlyOnFailureTestExecutionListener, org.springframework.boot.test.autoconfigure.web.servlet.WebDriverTestExecutionListener, org.springframework.boot.test.autoconfigure.webservices.client.MockWebServiceServerTestExecutionListener, org.springframework.test.context.web.ServletTestExecutionListener, org.springframework.test.context.support.DirtiesContextBeforeModesTestExecutionListener, org.springframework.test.context.event.ApplicationEventsTestExecutionListener, org.springframework.test.context.support.DependencyInjectionTestExecutionListener, org.springframework.test.context.support.DirtiesContextTestExecutionListener, org.springframework.test.context.transaction.TransactionalTestExecutionListener, org.springframework.test.context.jdbc.SqlScriptsTestExecutionListener, org.springframework.test.context.event.EventPublishingTestExecutionListener]
2021-12-04 17:34:36.537 [INFO ] [8300] {main}   [SpringBootTestContextBootstrapper:174 , getTestExecutionListeners] Using TestExecutionListeners: [org.springframework.test.context.web.ServletTestExecutionListener@74a195a4, org.springframework.test.context.support.DirtiesContextBeforeModesTestExecutionListener@76304b46, org.springframework.test.context.event.ApplicationEventsTestExecutionListener@2fa3be26, org.springframework.boot.test.mock.mockito.MockitoTestExecutionListener@4287d447, org.springframework.boot.test.autoconfigure.SpringBootDependencyInjectionTestExecutionListener@3af37506, org.springframework.test.context.support.DirtiesContextTestExecutionListener@4e6d7365, org.springframework.test.context.event.EventPublishingTestExecutionListener@7c0da600, org.springframework.boot.test.mock.mockito.ResetMocksTestExecutionListener@d4602a, org.springframework.boot.test.autoconfigure.restdocs.RestDocsTestExecutionListener@21ae6e73, org.springframework.boot.test.autoconfigure.web.client.MockRestServiceServerResetTestExecutionListener@47dd778, org.springframework.boot.test.autoconfigure.web.servlet.MockMvcPrintOnlyOnFailureTestExecutionListener@15515c51, org.springframework.boot.test.autoconfigure.web.servlet.WebDriverTestExecutionListener@36a7abe1, org.springframework.boot.test.autoconfigure.webservices.client.MockWebServiceServerTestExecutionListener@64a896b0]
2021-12-04 17:34:36.833 [INFO ] [8300] {main}   [ApplicationTests:55 , logStarting] Starting ApplicationTests using Java 11.0.8 on MPC10000035 with PID 8300 (started by M.GolMohammadi in D:\Users\M.GolMohammadi\Desktop\elk-log4j2-docker\docker-type)
2021-12-04 17:34:36.835 [INFO ] [8300] {main}   [ApplicationTests:635 , logStartupProfileInfo] No active profile set, falling back to default profiles: default
2021-12-04 17:34:38.160 [INFO ] [8300] {main}   [ApplicationTests:61 , logStarted] Started ApplicationTests in 1.572 seconds (JVM running for 2.713)
